<?xml version="1.0" encoding="UTF-8"?>
<!-- Generated by org.testng.reporters.JUnitReportReporter -->
<testsuite skipped="0" hostname="W1650844" name="demo.TestNGMultiBrowserDemo" tests="3" failures="0" timestamp="04 Sep 2018 12:08:24 GMT" time="18.016" errors="0">
  <testcase name="test" time="6.091" classname="demo.TestNGMultiBrowserDemo"/>
  <testcase name="test" time="5.912" classname="demo.TestNGMultiBrowserDemo"/>
  <testcase name="test" time="6.013" classname="demo.TestNGMultiBrowserDemo"/>
</testsuite> <!-- demo.TestNGMultiBrowserDemo -->
