<?xml version="1.0" encoding="UTF-8"?>
<!-- Generated by org.testng.reporters.JUnitReportReporter -->
<testsuite skipped="0" hostname="W1650844" name="demo.Test1" tests="1" failures="0" timestamp="08 Sep 2018 07:07:24 GMT" time="8.925" errors="0">
  <testcase name="test1" time="8.925" classname="demo.Test1"/>
</testsuite> <!-- demo.Test1 -->
