<?xml version="1.0" encoding="UTF-8"?>
<!-- Generated by org.testng.reporters.JUnitReportReporter -->
<testsuite skipped="1" hostname="W1650844" name="listeners.TestNGListenersDemo2" tests="3" failures="0" timestamp="04 Sep 2018 10:54:17 GMT" time="0.003" errors="0">
  <testcase name="test4" time="0.001" classname="listeners.TestNGListenersDemo2"/>
  <testcase name="test6" time="0.001" classname="listeners.TestNGListenersDemo2">
    <skipped/>
  </testcase> <!-- test6 -->
  <testcase name="test5" time="0.001" classname="listeners.TestNGListenersDemo2"/>
</testsuite> <!-- listeners.TestNGListenersDemo2 -->
