<?xml version="1.0" encoding="UTF-8"?>
<!-- Generated by org.testng.reporters.JUnitReportReporter -->
<testsuite skipped="0" hostname="W1650844" name="demo.TestNGDependencyDemo" tests="5" failures="0" timestamp="07 Sep 2018 13:11:26 GMT" time="0.011" errors="0">
  <testcase name="test3" time="0.008" classname="demo.TestNGDependencyDemo"/>
  <testcase name="test4" time="0.001" classname="demo.TestNGDependencyDemo"/>
  <testcase name="test5" time="0.000" classname="demo.TestNGDependencyDemo"/>
  <testcase name="test1" time="0.001" classname="demo.TestNGDependencyDemo"/>
  <testcase name="test2" time="0.001" classname="demo.TestNGDependencyDemo"/>
</testsuite> <!-- demo.TestNGDependencyDemo -->
