<?xml version="1.0" encoding="UTF-8"?>
<!-- Generated by org.testng.reporters.JUnitReportReporter -->
<testsuite skipped="0" hostname="W1650844" name="test.ExtentReportDemoWithTestNG" tests="2" failures="0" timestamp="01 Sep 2018 15:50:46 GMT" time="94.496" errors="0">
  <testcase name="test2" time="0.001" classname="test.ExtentReportDemoWithTestNG"/>
  <testcase name="test1" time="94.495" classname="test.ExtentReportDemoWithTestNG"/>
</testsuite> <!-- test.ExtentReportDemoWithTestNG -->
