<?xml version="1.0" encoding="UTF-8"?>
<!-- Generated by org.testng.reporters.JUnitReportReporter -->
<testsuite skipped="0" hostname="W1650844" name="priority.TestNGPriorityDemo" tests="3" failures="0" timestamp="04 Sep 2018 11:25:58 GMT" time="0.010" errors="0">
  <testcase name="twelve" time="0.008" classname="priority.TestNGPriorityDemo"/>
  <testcase name="two" time="0.001" classname="priority.TestNGPriorityDemo"/>
  <testcase name="three" time="0.001" classname="priority.TestNGPriorityDemo"/>
</testsuite> <!-- priority.TestNGPriorityDemo -->
