<?xml version="1.0" encoding="UTF-8"?>
<!-- Generated by org.testng.reporters.JUnitReportReporter -->
<testsuite skipped="0" hostname="W1650844" name="utils.ExcelDataProvider" tests="3" failures="0" timestamp="03 Sep 2018 13:48:39 GMT" time="13.767" errors="0">
  <testcase name="test1" time="3.553" classname="utils.ExcelDataProvider"/>
  <testcase name="test1" time="6.638" classname="utils.ExcelDataProvider"/>
  <testcase name="test1" time="3.576" classname="utils.ExcelDataProvider"/>
</testsuite> <!-- utils.ExcelDataProvider -->
