<?xml version="1.0" encoding="UTF-8"?>
<!-- Generated by org.testng.reporters.JUnitReportReporter -->
<testsuite skipped="0" hostname="W1650844" name="demo.TestNGGroupsDemo" tests="6" failures="0" timestamp="07 Sep 2018 13:11:08 GMT" time="0.010" errors="0">
  <testcase name="test2" time="0.001" classname="demo.TestNGGroupsDemo"/>
  <testcase name="test5" time="0.001" classname="demo.TestNGGroupsDemo"/>
  <testcase name="test6" time="0.000" classname="demo.TestNGGroupsDemo"/>
  <testcase name="test1" time="0.007" classname="demo.TestNGGroupsDemo"/>
  <testcase name="test3" time="0.000" classname="demo.TestNGGroupsDemo"/>
  <testcase name="test4" time="0.001" classname="demo.TestNGGroupsDemo"/>
</testsuite> <!-- demo.TestNGGroupsDemo -->
