<?xml version="1.0" encoding="UTF-8"?>
<!-- Generated by org.testng.reporters.JUnitReportReporter -->
<testsuite skipped="0" hostname="W1650844" name="demo.TestNGParametersDemo" tests="1" failures="0" timestamp="06 Sep 2018 12:22:22 GMT" time="0.008" errors="0">
  <testcase name="test" time="0.008" classname="demo.TestNGParametersDemo"/>
</testsuite> <!-- demo.TestNGParametersDemo -->
