<?xml version="1.0" encoding="UTF-8"?>
<!-- Generated by org.testng.reporters.JUnitReportReporter -->
<testsuite skipped="0" hostname="W1650844" name="test.Test1_GoogleSearch_TESTNG_Demo2" tests="1" failures="0" timestamp="01 Sep 2018 06:31:08 GMT" time="16.460" errors="0">
  <testcase name="googleSearch3" time="16.460" classname="test.Test1_GoogleSearch_TESTNG_Demo2"/>
</testsuite> <!-- test.Test1_GoogleSearch_TESTNG_Demo2 -->
