<?xml version="1.0" encoding="UTF-8"?>
<!-- Generated by org.testng.reporters.JUnitReportReporter -->
<testsuite skipped="0" hostname="W1650844" name="test.Test1_GoogleSearch_TESTNG_Demo" tests="1" failures="0" timestamp="03 Sep 2018 09:01:59 GMT" time="2.841" errors="0">
  <testcase name="googleSearch" time="2.841" classname="test.Test1_GoogleSearch_TESTNG_Demo"/>
</testsuite> <!-- test.Test1_GoogleSearch_TESTNG_Demo -->
